WARNING: A terminally deprecated method in sun.misc.Unsafe has been called
WARNING: sun.misc.Unsafe::staticFieldBase has been called by com.google.inject.internal.aop.HiddenClassDefiner (file:/Users/mckenzie/.m2/wrapper/dists/apache-maven-3.9.11/a2d47e15/lib/guice-5.1.0-classes.jar)
WARNING: Please consider reporting this to the maintainers of class com.google.inject.internal.aop.HiddenClassDefiner
WARNING: sun.misc.Unsafe::staticFieldBase will be removed in a future release
[INFO] Scanning for projects...
[INFO] 
[INFO] ---------------< com.courseallocation:course-allocation >---------------
[INFO] Building course-allocation 0.0.1-SNAPSHOT
[INFO]   from pom.xml
[INFO] --------------------------------[ jar ]---------------------------------
[INFO] 
[INFO] >>> spring-boot:3.5.7:run (default-cli) > test-compile @ course-allocation >>>
[INFO] 
[INFO] --- resources:3.3.1:resources (default-resources) @ course-allocation ---
[INFO] Copying 1 resource from src/main/resources to target/classes
[INFO] Copying 1 resource from src/main/resources to target/classes
[INFO] 
[INFO] --- compiler:3.14.1:compile (default-compile) @ course-allocation ---
[INFO] Nothing to compile - all classes are up to date.
[INFO] 
[INFO] --- resources:3.3.1:testResources (default-testResources) @ course-allocation ---
[INFO] skip non existing resourceDirectory /Users/mckenzie/Desktop/projects/dr/course-selection-server/src/test/resources
[INFO] 
[INFO] --- compiler:3.14.1:testCompile (default-testCompile) @ course-allocation ---
[INFO] Nothing to compile - all classes are up to date.
[INFO] 
[INFO] <<< spring-boot:3.5.7:run (default-cli) < test-compile @ course-allocation <<<
[INFO] 
[INFO] 
[INFO] --- spring-boot:3.5.7:run (default-cli) @ course-allocation ---
[INFO] Attaching agents: []

  .   ____          _            __ _ _
 /\\ / ___'_ __ _ _(_)_ __  __ _ \ \ \ \
( ( )\___ | '_ | '_| | '_ \/ _` | \ \ \ \
 \\/  ___)| |_)| | | | | || (_| |  ) ) ) )
  '  |____| .__|_| |_|_| |_\__, | / / / /
 =========|_|==============|___/=/_/_/_/

 :: Spring Boot ::                (v3.5.7)

2025-11-08T00:19:59.317Z  INFO 88492 --- [course-allocation] [  restartedMain] c.c.c.CourseAllocationApplication        : Starting CourseAllocationApplication using Java 24.0.1 with PID 88492 (/Users/mckenzie/Desktop/projects/dr/course-selection-server/target/classes started by mckenzie in /Users/mckenzie/Desktop/projects/dr/course-selection-server)
2025-11-08T00:19:59.322Z  INFO 88492 --- [course-allocation] [  restartedMain] c.c.c.CourseAllocationApplication        : No active profile set, falling back to 1 default profile: "default"
2025-11-08T00:19:59.429Z  INFO 88492 --- [course-allocation] [  restartedMain] .e.DevToolsPropertyDefaultsPostProcessor : Devtools property defaults active! Set 'spring.devtools.add-properties' to 'false' to disable
2025-11-08T00:19:59.430Z  INFO 88492 --- [course-allocation] [  restartedMain] .e.DevToolsPropertyDefaultsPostProcessor : For additional web related logging consider setting the 'logging.level.web' property to 'DEBUG'
2025-11-08T00:20:01.366Z  INFO 88492 --- [course-allocation] [  restartedMain] .s.d.r.c.RepositoryConfigurationDelegate : Bootstrapping Spring Data JPA repositories in DEFAULT mode.
2025-11-08T00:20:01.529Z  INFO 88492 --- [course-allocation] [  restartedMain] .s.d.r.c.RepositoryConfigurationDelegate : Finished Spring Data repository scanning in 129 ms. Found 7 JPA repository interfaces.
2025-11-08T00:20:02.863Z  INFO 88492 --- [course-allocation] [  restartedMain] o.s.b.w.embedded.tomcat.TomcatWebServer  : Tomcat initialized with port 8080 (http)
2025-11-08T00:20:02.917Z  INFO 88492 --- [course-allocation] [  restartedMain] o.apache.catalina.core.StandardService   : Starting service [Tomcat]
2025-11-08T00:20:02.917Z  INFO 88492 --- [course-allocation] [  restartedMain] o.apache.catalina.core.StandardEngine    : Starting Servlet engine: [Apache Tomcat/10.1.48]
2025-11-08T00:20:03.034Z  INFO 88492 --- [course-allocation] [  restartedMain] o.a.c.c.C.[Tomcat].[localhost].[/]       : Initializing Spring embedded WebApplicationContext
2025-11-08T00:20:03.035Z  INFO 88492 --- [course-allocation] [  restartedMain] w.s.c.ServletWebServerApplicationContext : Root WebApplicationContext: initialization completed in 3603 ms
2025-11-08T00:20:03.446Z  INFO 88492 --- [course-allocation] [  restartedMain] o.hibernate.jpa.internal.util.LogHelper  : HHH000204: Processing PersistenceUnitInfo [name: default]
2025-11-08T00:20:03.623Z  INFO 88492 --- [course-allocation] [  restartedMain] org.hibernate.Version                    : HHH000412: Hibernate ORM core version 6.6.33.Final
2025-11-08T00:20:03.722Z  INFO 88492 --- [course-allocation] [  restartedMain] o.h.c.internal.RegionFactoryInitiator    : HHH000026: Second-level cache disabled
2025-11-08T00:20:04.410Z  INFO 88492 --- [course-allocation] [  restartedMain] o.s.o.j.p.SpringPersistenceUnitInfo      : No LoadTimeWeaver setup: ignoring JPA class transformer
2025-11-08T00:20:04.457Z  INFO 88492 --- [course-allocation] [  restartedMain] com.zaxxer.hikari.HikariDataSource       : HikariPool-1 - Starting...
2025-11-08T00:20:05.028Z  INFO 88492 --- [course-allocation] [  restartedMain] com.zaxxer.hikari.pool.HikariPool        : HikariPool-1 - Added connection org.postgresql.jdbc.PgConnection@7df40b0f
2025-11-08T00:20:05.030Z  INFO 88492 --- [course-allocation] [  restartedMain] com.zaxxer.hikari.HikariDataSource       : HikariPool-1 - Start completed.
2025-11-08T00:20:05.101Z  WARN 88492 --- [course-allocation] [  restartedMain] org.hibernate.orm.deprecation            : HHH90000025: PostgreSQLDialect does not need to be specified explicitly using 'hibernate.dialect' (remove the property setting and it will be selected by default)
2025-11-08T00:20:05.137Z  INFO 88492 --- [course-allocation] [  restartedMain] org.hibernate.orm.connections.pooling    : HHH10001005: Database info:
	Database JDBC URL [Connecting through datasource 'HikariDataSource (HikariPool-1)']
	Database driver: undefined/unknown
	Database version: 18.0
	Autocommit mode: undefined/unknown
	Isolation level: undefined/unknown
	Minimum pool size: undefined/unknown
	Maximum pool size: undefined/unknown
2025-11-08T00:20:07.733Z  INFO 88492 --- [course-allocation] [  restartedMain] o.h.e.t.j.p.i.JtaPlatformInitiator       : HHH000489: No JTA platform available (set 'hibernate.transaction.jta.platform' to enable JTA platform integration)
2025-11-08T00:20:08.042Z  INFO 88492 --- [course-allocation] [  restartedMain] j.LocalContainerEntityManagerFactoryBean : Initialized JPA EntityManagerFactory for persistence unit 'default'
2025-11-08T00:20:09.566Z  WARN 88492 --- [course-allocation] [  restartedMain] JpaBaseConfiguration$JpaWebConfiguration : spring.jpa.open-in-view is enabled by default. Therefore, database queries may be performed during view rendering. Explicitly configure spring.jpa.open-in-view to disable this warning
2025-11-08T00:20:10.310Z  WARN 88492 --- [course-allocation] [  restartedMain] .s.s.UserDetailsServiceAutoConfiguration : 

Using generated security password: 53a7a7e4-0179-4e1b-bed9-36011e933b01

This generated password is for development use only. Your security configuration must be updated before running your application in production.

2025-11-08T00:20:10.335Z  INFO 88492 --- [course-allocation] [  restartedMain] r$InitializeUserDetailsManagerConfigurer : Global AuthenticationManager configured with UserDetailsService bean with name inMemoryUserDetailsManager
2025-11-08T00:20:11.385Z  WARN 88492 --- [course-allocation] [  restartedMain] o.s.b.d.a.OptionalLiveReloadServer       : Unable to start LiveReload server
2025-11-08T00:20:11.444Z  WARN 88492 --- [course-allocation] [  restartedMain] ConfigServletWebServerApplicationContext : Exception encountered during context initialization - cancelling refresh attempt: org.springframework.context.ApplicationContextException: Failed to start bean 'webServerStartStop'
2025-11-08T00:20:11.453Z  INFO 88492 --- [course-allocation] [  restartedMain] j.LocalContainerEntityManagerFactoryBean : Closing JPA EntityManagerFactory for persistence unit 'default'
2025-11-08T00:20:11.464Z  INFO 88492 --- [course-allocation] [  restartedMain] com.zaxxer.hikari.HikariDataSource       : HikariPool-1 - Shutdown initiated...
2025-11-08T00:20:11.470Z  INFO 88492 --- [course-allocation] [  restartedMain] com.zaxxer.hikari.HikariDataSource       : HikariPool-1 - Shutdown completed.
2025-11-08T00:20:11.507Z  INFO 88492 --- [course-allocation] [  restartedMain] .s.b.a.l.ConditionEvaluationReportLogger : 

Error starting ApplicationContext. To display the condition evaluation report re-run your application with 'debug' enabled.
2025-11-08T00:20:11.578Z ERROR 88492 --- [course-allocation] [  restartedMain] o.s.b.d.LoggingFailureAnalysisReporter   : 

***************************
APPLICATION FAILED TO START
***************************

Description:

Web server failed to start. Port 8080 was already in use.

Action:

Identify and stop the process that's listening on port 8080 or configure this application to listen on another port.

[INFO] ------------------------------------------------------------------------
[INFO] BUILD SUCCESS
[INFO] ------------------------------------------------------------------------
[INFO] Total time:  24.797 s
[INFO] Finished at: 2025-11-08T00:20:11Z
[INFO] ------------------------------------------------------------------------
